Warning: missing space before text for line 7 of jade file "/alidata/www/nodejs_kaoqin/views/kaoqin.jade"
[0mGET / [32m200 [0m621.501 ms - 822[0m
[0mGET /favicon.ico [33m404 [0m63.441 ms - 1467[0m
Warning: missing space before text for line 7 of jade file "/alidata/www/nodejs_kaoqin/views/kaoqin.jade"
[0mGET / [32m200 [0m139.865 ms - 822[0m
[0mGET /favicon.ico [33m404 [0m32.641 ms - 1467[0m
Warning: missing space before text for line 7 of jade file "/alidata/www/nodejs_kaoqin/views/kaoqin.jade"
[0mGET / [36m304 [0m45.270 ms - -[0m
[0mGET /favicon.ico [33m404 [0m14.862 ms - 1467[0m
[0mGET /checkin [32m200 [0m1226.514 ms - 76[0m
[0mGET /admin/images/menu-current-arrow.gif [33m404 [0m41.517 ms - 1467[0m
[0mGET /images/default/hd_a1.gif [33m404 [0m38.223 ms - 1467[0m
[0mGET /upload/200812/20081230023106860.gif [33m404 [0m18.649 ms - 1467[0m
[0mGET /Images/Mlogin/Bitmap02.gif [33m404 [0m24.363 ms - 1467[0m
[0mGET /admin/image/menu_h4.png [33m404 [0m13.754 ms - 1467[0m
[0mGET /images/list_bg.png [33m404 [0m23.610 ms - 1467[0m
[0mGET /theme/theme/default/images/bg_bnt_user_base_over.gif [33m404 [0m24.621 ms - 1467[0m
[0mGET /lib/images/vtip_arrow.gif [33m404 [0m16.437 ms - 1467[0m
[0mGET /plus/img/topsearch_submit.gif [33m404 [0m15.213 ms - 1467[0m
[0mGET /include/dialog/img/sp_bg.gif [33m404 [0m20.035 ms - 1467[0m
[0mGET /images/topbanner_bg.png [33m404 [0m33.089 ms - 1467[0m
[0mGET /system/images/lnk/system.gif [33m404 [0m16.347 ms - 1467[0m
[0mGET /images/confirm_close.gif [33m404 [0m11.262 ms - 1467[0m
[0mGET /user/images/must.gif [33m404 [0m126.457 ms - 1467[0m
[0mGET /template/images/li1.gif [33m404 [0m65.254 ms - 1467[0m
[0mGET /favicon.ico [33m404 [0m30.864 ms - 1467[0m
[0mGET /images/page_code.png [33m404 [0m25.483 ms - 1467[0m
[0mGET /editors/index.html [33m404 [0m12.401 ms - 1467[0m
[0mGET /images/samples/4_small.jpg [33m404 [0m22.793 ms - 1467[0m
[0mGET /includes/templates/classic/images/stars_5.gif [33m404 [0m9.133 ms - 1467[0m
[0mGET /includes/templates/template_default/images/always-free-shipping.gif [33m404 [0m12.248 ms - 1467[0m
[0mGET /includes/templates/template_default/buttons/english/button_tell_a_friend.gif [33m404 [0m10.725 ms - 1467[0m
[0mGET /images/zttit02.png [33m404 [0m23.363 ms - 1467[0m
[0mGET /Admin/Images/GoogleSiteMaplogo.gif [33m404 [0m8.804 ms - 1467[0m
[0mGET /template/user/images/manage_r2_c18.jpg [33m404 [0m8.551 ms - 1467[0m
[0mGET /admin/images/admintitlebg.gif [33m404 [0m14.308 ms - 1467[0m
[0mGET /images/gengtie.jpg [33m404 [0m13.171 ms - 1467[0m
[0mGET /misc/menu-expanded.png [33m404 [0m19.635 ms - 1467[0m
[0mGET /Admin/Images/icon_lpdhjl.png [33m404 [0m8.371 ms - 1467[0m
[0mGET /store/Images/hdfk.gif [33m404 [0m8.255 ms - 1467[0m
[0mGET /skins/doccms_model_1/images/bg_contact_a.png [33m404 [0m7.995 ms - 1467[0m
[0mGET /Admin/Images/Icon-Nav-Close-over.gif [33m404 [0m22.970 ms - 1467[0m
[0mGET /images/menu_righttop.gif [33m404 [0m13.556 ms - 1467[0m
[0mGET /web/resource/images/bg_repno.gif [33m404 [0m10.834 ms - 1467[0m
[0mGET /resource/image/bg_repno.gif [33m404 [0m11.816 ms - 1467[0m
[0mGET /admin/images/abg2.png [33m404 [0m11.144 ms - 1467[0m
[0mGET /m/_/images/fileicon/jpg.png [33m404 [0m25.207 ms - 1467[0m
[0mGET /system/images/tab_17.gif [33m404 [0m13.775 ms - 1467[0m
[0mGET /admin/images/tab_17.gif [33m404 [0m14.766 ms - 1467[0m
[0mGET /admin/images/top_tt_bg.gif [33m404 [0m12.579 ms - 1467[0m
[0mGET /Public/img/fotorama.png [33m404 [0m11.318 ms - 1467[0m
[0mGET /data/system/kaixin001.gif [33m404 [0m15.275 ms - 1467[0m
[0mGET /inc_img/vote/vote2_1.gif [33m404 [0m18.484 ms - 1467[0m
[0mGET /admin/images/login/login_submit.gif [33m404 [0m12.581 ms - 1467[0m
[0mGET /i5808/images/menu_reduce.gif [33m404 [0m12.147 ms - 1467[0m
[0mGET /skins/images/ico_catalogue.png [33m404 [0m19.039 ms - 1467[0m
[0mGET /forum/images/logout1.png [33m404 [0m11.925 ms - 1467[0m
[0mGET /images/common/online_admin.gif [33m404 [0m13.166 ms - 1467[0m
[0mGET /console/images/bg11.jpg [33m404 [0m11.610 ms - 1467[0m
[0mGET /console/images/login.gif [33m404 [0m12.766 ms - 1467[0m
[0mGET /Admincp/images/login_r2_c2_r1_c4.jpg [33m404 [0m14.626 ms - 1467[0m
[0mGET /images/default/shopexstorelogo.jpg [33m404 [0m12.265 ms - 1467[0m
[0mGET /admin/images/netgather_com.gif [33m404 [0m12.335 ms - 1467[0m
[0mGET /static/image/common/addicn.gif [33m404 [0m12.010 ms - 1467[0m
[0mGET /static/space/t1/images/title.png [33m404 [0m25.790 ms - 1467[0m
[0mGET /themes/forum/default/images/forum/lock.gif [33m404 [0m13.224 ms - 1467[0m
[0mGET /images/select_arrow_over.gif [33m404 [0m11.311 ms - 1467[0m
[0mGET /static/images/buttons_40.png [33m404 [0m12.211 ms - 1467[0m
[0mGET /skin/default/image/add_job.gif [33m404 [0m8.384 ms - 1467[0m
[0mGET /template/default/images/gbook_btn_bg.gif [33m404 [0m11.912 ms - 1467[0m
[0mGET /inc/images/captcha_bg.jpg [33m404 [0m11.865 ms - 1467[0m
[0mGET /content/templates/default/images/weibe_button.gif [33m404 [0m9.582 ms - 1467[0m
[0mGET /admin/templates/met/images/logosmall.gif [33m404 [0m8.243 ms - 1467[0m
[0mGET /favicon.ico [33m404 [0m10.984 ms - 1467[0m
[0mGET /job/templates/met/css/style.css [33m404 [0m8.823 ms - 1467[0m
[0mGET /images/admina/sitmap0.png [33m404 [0m10.515 ms - 1467[0m
[0mGET /app/Tpl/fanwe/images/fancybox_loading.gif [33m404 [0m14.735 ms - 1467[0m
[0mGET /images/side_bg_r2_c1.gif [33m404 [0m12.004 ms - 1467[0m
[0mGET /e/install/images/noadd.gif [33m404 [0m11.175 ms - 1467[0m
[0mGET /d/js/acmsd/close_o.gif [33m404 [0m9.772 ms - 1467[0m
[0mGET /images/showsp/areabg.gif [33m404 [0m14.110 ms - 1467[0m
[0mGET /SiteServer/Pic/Company/login.gif [33m404 [0m8.977 ms - 1467[0m
[0mGET /SiteServer/Pic/tree/itemContainer.gif [33m404 [0m9.049 ms - 1467[0m
[0mGET /Pic/tree/itemContainer.gif [33m404 [0m7.500 ms - 1467[0m
[0mGET /statics/images/admin_img/arrowhead-y.png [33m404 [0m9.564 ms - 1467[0m
[0mGET /phpsso_server/statics/images/msg_img/chrome_s_1.png [33m404 [0m22.951 ms - 1467[0m
[0mGET /images/buddies.png [33m404 [0m10.525 ms - 1467[0m
[0mGET /script/valid_formdata.js [33m404 [0m14.952 ms - 1467[0m
[0mGET /admin/templates/images/filestate.png [33m404 [0m8.789 ms - 1467[0m
[0mGET /images/ad_location_middle_center1.jpg [33m404 [0m8.617 ms - 1467[0m
[0mGET /theme/t1/themebg_preview.jpg [33m404 [0m9.563 ms - 1467[0m
[0mGET /images/table_bg.jpg [33m404 [0m10.185 ms - 1467[0m
[0mGET /images/ext/midi.gif [33m404 [0m8.853 ms - 1467[0m
[0mGET /wp-includes/images/icon-pointer-flag.png [33m404 [0m10.700 ms - 1467[0m
[0mGET /wp-admin/images/yes.png [33m404 [0m8.138 ms - 1467[0m
[0mGET /wp-admin/js/farbtastic.js [33m404 [0m10.546 ms - 1467[0m
[0mGET /wp-includes/js/swfupload/plugins/swfupload.queue.js [33m404 [0m10.189 ms - 1467[0m
[0mGET /admin/images/comment_alert.gif [33m404 [0m8.267 ms - 1467[0m
[0mGET /data/avatar/no_photo.gif [33m404 [0m7.525 ms - 1467[0m
[0mGET /views/default/skin/blue/images/front/buying.gif [33m404 [0m8.339 ms - 1467[0m
[0mGET /install/images/guide_1.gif [33m404 [0m7.716 ms - 1467[0m
[0mGET /upload/2011/11/30/20111130113535527.jpg [33m404 [0m8.204 ms - 1467[0m
[0mGET /plus/weather/icon/a_12.gif [33m404 [0m8.011 ms - 1467[0m
[0mGET /images/movienr_right01.jpg [33m404 [0m9.740 ms - 1467[0m
[0mGET /Admin/Images/RectNoColor.gif [33m404 [0m9.837 ms - 1467[0m
[0mGET /base/admin/images/linksup.gif [33m404 [0m9.075 ms - 1467[0m
[0mGET /base/templates/images/2.png [33m404 [0m8.368 ms - 1467[0m
[0mGET /zb_users/AVATAR/0.png [33m404 [0m7.403 ms - 1467[0m
[0mGET /admin/skins/images/ads_set3.gif [33m404 [0m7.528 ms - 1467[0m
[0mGET /images/forum_readme.gif [33m404 [0m10.132 ms - 1467[0m
[0mGET /administrator/templates/system/images/calendar.png [33m404 [0m9.261 ms - 1467[0m
[0mGET /Images/Sort_Folder_Close.gif [33m404 [0m8.269 ms - 1467[0m
[0mGET /Images/arrow_04.gif [33m404 [0m8.067 ms - 1467[0m
[0mGET /e/install/images/bg_1.gif [33m404 [0m8.676 ms - 1467[0m
[0mGET /images/public/hr_tijiao.gif [33m404 [0m9.037 ms - 1467[0m
[0mGET /inc/image/bj.gif [33m404 [0m8.810 ms - 1467[0m
[0mGET /admin/images/arrow_right_8x8.png [33m404 [0m8.456 ms - 1467[0m
[0mGET /static/common/topic-min-img.png [33m404 [0m8.593 ms - 1467[0m
[0mGET /image/admin/add.gif [33m404 [0m8.633 ms - 1467[0m
[0mGET /Admin/images/install_lines.jpg [33m404 [0m8.134 ms - 1467[0m
[0mGET /Utility/pics/status-green.gif [33m404 [0m7.998 ms - 1467[0m
[0mGET /images/i_3.jpg [33m404 [0m10.358 ms - 1467[0m
[0mGET /product/waterimage/200x200.png [33m404 [0m9.191 ms - 1467[0m
[0mGET /install/images/header-corners.png [33m404 [0m9.472 ms - 1467[0m
[0mGET /images/gif_47_106.gif [33m404 [0m7.731 ms - 1467[0m
[0mGET /static/ayacms.gif [33m404 [0m12.465 ms - 1467[0m
[0mGET /media/xmlconnect/system/ok.gif [33m404 [0m8.330 ms - 1467[0m
[0mGET /LICENSE.txt [33m404 [0m7.432 ms - 1467[0m
[0mGET /skin/frontend/base/default/favicon.ico [33m404 [0m10.980 ms - 1467[0m
[0mGET /images/qq/qqkf2/Kf_bg03_03.gif [33m404 [0m10.185 ms - 1467[0m
[0mGET /js/close.gif [33m404 [0m9.700 ms - 1467[0m
[0mGET /celive/admin/live/loading.gif [33m404 [0m8.031 ms - 1467[0m
[0mGET /extensions/kindeditor/themes/default/default.png) [33m404 [0m15.871 ms - 1467[0m
[0mGET /style/default/hdwiki.css [33m404 [0m10.208 ms - 1467[0m
[0mGET /style/default/fujian_top_bg.jpg [33m404 [0m20.967 ms - 1467[0m
[0mGET /style/default/index_login_bg.jpg [33m404 [0m25.768 ms - 1467[0m
[0mGET /style/default/style/bg_title.jpg [33m404 [0m9.997 ms - 1467[0m
[0mGET /style/default/login_bg.jpg [33m404 [0m13.489 ms - 1467[0m
[0mGET /CN/nite/images/title.gif [33m404 [0m7.596 ms - 1467[0m
[0mGET /Images/dialog_closebtn_over.gif [33m404 [0m7.767 ms - 1467[0m
[0mGET /App_Themes/AdminDefaultTheme/DateTheme/bgteuw.jpg [33m404 [0m6.521 ms - 1467[0m
[0mGET /images/default/listico.gif [33m404 [0m9.382 ms - 1467[0m
[0mGET /images/default/images/button_plain_hover.png [33m404 [0m7.448 ms - 1467[0m
[0mGET /admin/tpl/images/welcome_h1.gif [33m404 [0m10.086 ms - 1467[0m
[0mGET /admin/images/bg-pay-return-success.gif [33m404 [0m9.333 ms - 1467[0m
[0mGET /template/default/images/ad_scroll_forward.png [33m404 [0m10.516 ms - 1467[0m
[0mGET /admin/images/login_06.jpg [33m404 [0m8.406 ms - 1467[0m
[0mGET /extmail/default/images/lastpg.d.gif [33m404 [0m7.854 ms - 1467[0m
[0mGET /admin/view/image/flags/wales.png [33m404 [0m8.811 ms - 1467[0m
[0mGET /adminsoft/templates/images/bullet_blue.gif [33m404 [0m8.744 ms - 1467[0m
[0mGET /public/plug/shipplug/exp04.jpg [33m404 [0m9.286 ms - 1467[0m
[0mGET /images/admin/logo.gif [33m404 [0m8.118 ms - 1467[0m
[0mGET /images/admin/sprites.png [33m404 [0m8.192 ms - 1467[0m
[0mGET /ACT_inc/ItemBg.gif [33m404 [0m8.389 ms - 1467[0m
[0mGET /ACT_inc/share/minusbottom.gif [33m404 [0m7.800 ms - 1467[0m
[0mGET /Admin/Images/bg_admin.jpg [33m404 [0m8.786 ms - 1467[0m
[0mGET /images/reg.gif [33m404 [0m7.063 ms - 1467[0m
Warning: missing space before text for line 7 of jade file "/alidata/www/nodejs_kaoqin/views/kaoqin.jade"
[0mGET / [32m200 [0m19.234 ms - 822[0m
[0mGET /admin/images/menu-current-arrow.gif [33m404 [0m8.376 ms - 1467[0m
[0mGET /install/images/default/top1_r.jpg [33m404 [0m7.319 ms - 1467[0m
[0mGET /images/default/hd_a1.gif [33m404 [0m7.504 ms - 1467[0m
[0mGET /Images/Mlogin/Bitmap02.gif [33m404 [0m8.169 ms - 1467[0m
[0mGET /admin/image/menu_h4.png [33m404 [0m9.964 ms - 1467[0m
[0mGET /images/list_bg.png [33m404 [0m7.811 ms - 1467[0m
[0mGET /theme/theme/default/images/bg_bnt_user_base_over.gif [33m404 [0m8.710 ms - 1467[0m
[0mGET /lib/images/vtip_arrow.gif [33m404 [0m8.573 ms - 1467[0m
[0mGET /dede/img/button_bg1.jpg [33m404 [0m8.659 ms - 1467[0m
[0mGET /plus/img/topsearch_submit.gif [33m404 [0m8.045 ms - 1467[0m
[0mGET /images/topbanner_bg.png [33m404 [0m7.623 ms - 1467[0m
[0mGET /system/images/lnk/system.gif [33m404 [0m8.171 ms - 1467[0m
[0mGET /images/confirm_close.gif [33m404 [0m7.068 ms - 1467[0m
[0mGET /template/images/li1.gif [33m404 [0m9.319 ms - 1467[0m
[0mGET /favicon.ico [33m404 [0m8.153 ms - 1467[0m
[0mGET /images/page_code.png [33m404 [0m10.307 ms - 1467[0m
[0mGET /editors/index.html [33m404 [0m9.756 ms - 1467[0m
[0mGET /images/samples/4_small.jpg [33m404 [0m7.953 ms - 1467[0m
[0mGET /includes/templates/classic/images/stars_5.gif [33m404 [0m7.770 ms - 1467[0m
[0mGET /includes/templates/template_default/images/always-free-shipping.gif [33m404 [0m6.515 ms - 1467[0m
[0mGET /includes/templates/template_default/buttons/english/button_tell_a_friend.gif [33m404 [0m7.066 ms - 1467[0m
[0mGET /images/zttit02.png [33m404 [0m10.160 ms - 1467[0m
[0mGET /Admin/Images/GoogleSiteMaplogo.gif [33m404 [0m7.108 ms - 1467[0m
[0mGET /template/user/images/manage_r2_c18.jpg [33m404 [0m10.219 ms - 1467[0m
[0mGET /admin/images/admintitlebg.gif [33m404 [0m6.481 ms - 1467[0m
[0mGET /images/gengtie.jpg [33m404 [0m6.890 ms - 1467[0m
[0mGET /core/themes/stable/images/core/menu-collapsed-rtl.png [33m404 [0m8.103 ms - 1467[0m
[0mGET /misc/menu-expanded.png [33m404 [0m7.167 ms - 1467[0m
[0mGET /Admin/Images/icon_lpdhjl.png [33m404 [0m16.744 ms - 1467[0m
[0mGET /store/Images/hdfk.gif [33m404 [0m6.927 ms - 1467[0m
[0mGET /skins/doccms_model_1/images/bg_contact_a.png [33m404 [0m9.815 ms - 1467[0m
[0mGET /admini/images/s_managehtml/icon_refresh.png [33m404 [0m7.462 ms - 1467[0m
[0mGET /Admin/Images/Icon-Nav-Close-over.gif [33m404 [0m8.632 ms - 1467[0m
[0mGET /images/menu_righttop.gif [33m404 [0m6.597 ms - 1467[0m
[0mGET /app/resource/images/coupon-hd-bg.png [33m404 [0m7.330 ms - 1467[0m
[0mGET /web/resource/images/bg_repno.gif [33m404 [0m7.666 ms - 1467[0m
[0mGET /resource/image/bg_repno.gif [33m404 [0m6.465 ms - 1467[0m
[0mGET /admin/images/abg2.png [33m404 [0m6.994 ms - 1467[0m
[0mGET /face/5.gif [33m404 [0m7.786 ms - 1467[0m
[0mGET /xin/btn_regis.gif [33m404 [0m10.000 ms - 1467[0m
[0mGET /global/banklist_hnapay.jpg [33m404 [0m7.494 ms - 1467[0m
[0mGET /Public/lottery/roulette/images/b0-2.jpg [33m404 [0m10.700 ms - 1467[0m
[0mGET /m/_/images/fileicon/jpg.png [33m404 [0m14.529 ms - 1467[0m
[0mGET /admin/images/tab_17.gif [33m404 [0m6.942 ms - 1467[0m
[0mGET /admin/images/top_tt_bg.gif [33m404 [0m7.198 ms - 1467[0m
[0mGET /data/system/kaixin001.gif [33m404 [0m7.360 ms - 1467[0m
[0mGET /data/captcha/gif/Small_Fonts/3.gif [33m404 [0m7.946 ms - 1467[0m
[0mGET /admin/images/login/login_submit.gif [33m404 [0m7.432 ms - 1467[0m
[0mGET /i5808/images/menu_reduce.gif [33m404 [0m7.115 ms - 1467[0m
[0mGET /skins/images/ico_catalogue.png [33m404 [0m8.672 ms - 1467[0m
[0mGET /images/logout1.png [33m404 [0m10.237 ms - 1467[0m
[0mGET /forum/images/logout1.png [33m404 [0m7.896 ms - 1467[0m
[0mGET /images/rank/soso.gif [33m404 [0m7.917 ms - 1467[0m
[0mGET /console/images/bg11.jpg [33m404 [0m7.636 ms - 1467[0m
[0mGET /console/images/login.gif [33m404 [0m7.607 ms - 1467[0m
[0mGET /Admincp/images/login_r2_c2_r1_c4.jpg [33m404 [0m7.708 ms - 1467[0m
[0mGET /statics/delivertitle.gif [33m404 [0m7.477 ms - 1467[0m
[0mGET /images/default/shopexstorelogo.jpg [33m404 [0m7.049 ms - 1467[0m
[0mGET /admin/images/netgather_com.gif [33m404 [0m7.430 ms - 1467[0m
[0mGET /cn/images/banner_page_bg.gif [33m404 [0m20.874 ms - 1467[0m
[0mGET /static/image/common/addicn.gif [33m404 [0m9.399 ms - 1467[0m
[0mGET /static/space/t1/images/title.png [33m404 [0m6.642 ms - 1467[0m
[0mGET /themes/forum/default/images/forum/lock.gif [33m404 [0m7.421 ms - 1467[0m
[0mGET /images/select_arrow_over.gif [33m404 [0m6.603 ms - 1467[0m
[0mGET /include/image/dui_r.gif [33m404 [0m8.660 ms - 1467[0m
[0mGET /template/default/index/images/anvico.png [33m404 [0m6.906 ms - 1467[0m
[0mGET /skin/default/image/add_job.gif [33m404 [0m7.127 ms - 1467[0m
[0mGET /app/Tpl/main/fanwe/images/fanwe_ui/ui-buttonbg.gif [33m404 [0m7.515 ms - 1467[0m
[0mGET /template/default/images/gbook_btn_bg.gif [33m404 [0m6.834 ms - 1467[0m
[0mGET /inc/images/captcha_bg.jpg [33m404 [0m7.614 ms - 1467[0m
[0mGET /content/templates/default/images/weibe_button.gif [33m404 [0m11.261 ms - 1467[0m
[0mGET /admin/templates/met/images/logosmall.gif [33m404 [0m7.110 ms - 1467[0m
[0mGET /favicon.ico [33m404 [0m7.231 ms - 1467[0m
[0mGET /job/templates/met/css/style.css [33m404 [0m8.035 ms - 1467[0m
[0mGET /wap/templates/met/images/listico.gif [33m404 [0m8.490 ms - 1467[0m
[0mGET /admin/images/icon_view.gif [33m404 [0m7.731 ms - 1467[0m
[0mGET /install/images/install-step1-en_us.gif [33m404 [0m7.800 ms - 1467[0m
[0mGET /images/admina/logo.png [33m404 [0m8.506 ms - 1467[0m
[0mGET /images/admina/sitmap0.png [33m404 [0m7.549 ms - 1467[0m
[0mGET /app/Tpl/fanwe/images/fancybox_loading.gif [33m404 [0m7.292 ms - 1467[0m
[0mGET /images/side_bg_r2_c1.gif [33m404 [0m9.582 ms - 1467[0m
[0mGET /e/install/images/noadd.gif [33m404 [0m7.799 ms - 1467[0m
[0mGET /d/js/acmsd/close_o.gif [33m404 [0m8.453 ms - 1467[0m
[0mGET /admin/images/login/index_hz02.gif [33m404 [0m8.004 ms - 1467[0m
[0mGET /images/showsp/areabg.gif [33m404 [0m7.293 ms - 1467[0m
[0mGET /SiteServer/Pic/Company/login.gif [33m404 [0m6.617 ms - 1467[0m
[0mGET /Pic/Company/login.gif [33m404 [0m6.811 ms - 1467[0m
[0mGET /SiteServer/Pic/tree/itemContainer.gif [33m404 [0m6.500 ms - 1467[0m
[0mGET /Pic/tree/itemContainer.gif [33m404 [0m7.935 ms - 1467[0m
[0mGET /Images/Silder/sldr3h_sl.gif [33m404 [0m6.711 ms - 1467[0m
[0mGET /Admin/Images/LoginImages/logyh.gif [33m404 [0m6.597 ms - 1467[0m
[0mGET /public/images/xueli_1.jpg [33m404 [0m6.940 ms - 1467[0m
[0mGET /statics/images/admin_img/arrowhead-y.png [33m404 [0m6.601 ms - 1467[0m
[0mGET /script/valid_formdata.js [33m404 [0m7.379 ms - 1467[0m
[0mGET /admin/templates/images/subTypeBg.gif [33m404 [0m7.537 ms - 1467[0m
[0mGET /admin/templates/images/filestate.png [33m404 [0m7.584 ms - 1467[0m
[0mGET /images/ad_location_middle_center1.jpg [33m404 [0m7.854 ms - 1467[0m
[0mGET /theme/t1/themebg_preview.jpg [33m404 [0m7.813 ms - 1467[0m
[0mGET /images/table_bg.jpg [33m404 [0m6.846 ms - 1467[0m
[0mGET /images/ext/midi.gif [33m404 [0m7.080 ms - 1467[0m
[0mGET /wp-includes/images/icon-pointer-flag.png [33m404 [0m6.963 ms - 1467[0m
[0mGET /wp-admin/images/yes.png [33m404 [0m6.808 ms - 1467[0m
[0mGET /wp-admin/js/farbtastic.js [33m404 [0m7.795 ms - 1467[0m
[0mGET /wp-includes/js/swfupload/plugins/swfupload.queue.js [33m404 [0m7.178 ms - 1467[0m
[0mGET /admin/images/comment_alert.gif [33m404 [0m7.446 ms - 1467[0m
[0mGET /data/avatar/no_photo.gif [33m404 [0m9.366 ms - 1467[0m
[0mGET /views/default/skin/blue/images/front/buying.gif [33m404 [0m6.964 ms - 1467[0m
[0mGET /install/images/guide_1.gif [33m404 [0m7.278 ms - 1467[0m
[0mGET /upload/2011/11/30/20111130113535527.jpg [33m404 [0m7.423 ms - 1467[0m
[0mGET /plus/weather/icon/a_12.gif [33m404 [0m8.183 ms - 1467[0m
[0mGET /question/images/face/images/ico_face_arrow.gif [33m404 [0m6.918 ms - 1467[0m
[0mGET /images/movienr_right01.jpg [33m404 [0m7.042 ms - 1467[0m
[0mGET /Admin/Images/RectNoColor.gif [33m404 [0m7.263 ms - 1467[0m
[0mGET /base/admin/images/linksup.gif [33m404 [0m7.032 ms - 1467[0m
[0mGET /zb_users/AVATAR/0.png [33m404 [0m8.017 ms - 1467[0m
[0mGET /zb_users/avatar/0.png [33m404 [0m6.450 ms - 1467[0m
[0mGET /admin/skins/images/ads_set3.gif [33m404 [0m6.504 ms - 1467[0m
[0mGET /images/forum_readme.gif [33m404 [0m6.972 ms - 1467[0m
[0mGET /img/images/commentLoad.gif [33m404 [0m6.793 ms - 1467[0m
[0mGET /install/images/bg-cmstop.jpg [33m404 [0m7.058 ms - 1467[0m
[0mGET /app/Tpl/fanwe/images/icon_arrowdouble.jpg [33m404 [0m6.772 ms - 1467[0m
[0mGET /images/modmenu_li_hover_bg.gif [33m404 [0m7.600 ms - 1467[0m
[0mGET /administrator/templates/system/images/calendar.png [33m404 [0m6.376 ms - 1467[0m
[0mGET /images/banners/shop-ad-books.jpg [33m404 [0m6.606 ms - 1467[0m
[0mGET /Images/Sort_Folder_Close.gif [33m404 [0m7.094 ms - 1467[0m
[0mGET /Images/arrow_04.gif [33m404 [0m7.268 ms - 1467[0m
[0mGET /e/install/images/bg_1.gif [33m404 [0m8.110 ms - 1467[0m
[0mGET /images/public/hr_tijiao.gif [33m404 [0m6.909 ms - 1467[0m
[0mGET /template/skin6/cn/images/ico_zlxz.gif [33m404 [0m7.309 ms - 1467[0m
[0mGET /inc/image/bj.gif [33m404 [0m7.185 ms - 1467[0m
[0mGET /admin/images/arrow_right_8x8.png [33m404 [0m9.346 ms - 1467[0m
[0mGET /static/common/topic-min-img.png [33m404 [0m8.426 ms - 1467[0m
[0mGET /image/admin/add.gif [33m404 [0m6.896 ms - 1467[0m
[0mGET /image/cflag/ad.gif [33m404 [0m9.463 ms - 1467[0m
[0mGET /Utility/pics/status-green.gif [33m404 [0m7.143 ms - 1467[0m
[0mGET /images/i_3.jpg [33m404 [0m7.895 ms - 1467[0m
[0mGET /install/images/header-corners.png [33m404 [0m6.884 ms - 1467[0m
[0mGET /images/gif_47_106.gif [33m404 [0m7.987 ms - 1467[0m
[0mGET /static/ayacms.gif [33m404 [0m7.419 ms - 1467[0m
[0mGET /media/xmlconnect/system/ok.gif [33m404 [0m7.914 ms - 1467[0m
[0mGET /LICENSE.txt [33m404 [0m7.911 ms - 1467[0m
[0mGET /skin/frontend/base/default/favicon.ico [33m404 [0m7.042 ms - 1467[0m
[0mGET /images/qq/qqkf2/Kf_bg03_03.gif [33m404 [0m7.505 ms - 1467[0m
[0mGET /js/close.gif [33m404 [0m6.978 ms - 1467[0m
[0mGET /bbs/css/images/add_category_hover.gif [33m404 [0m7.833 ms - 1467[0m
[0mGET /celive/admin/live/loading.gif [33m404 [0m7.417 ms - 1467[0m
[0mGET /views/admin/images/arrowhead-y.png [33m404 [0m6.883 ms - 1467[0m
[0mGET /extensions/kindeditor/themes/default/default.png) [33m404 [0m7.865 ms - 1467[0m
[0mGET /style/default/hdwiki.css [33m404 [0m7.608 ms - 1467[0m
[0mGET /style/default/index_login_bg.jpg [33m404 [0m6.683 ms - 1467[0m
[0mGET /style/default/style/bg_title.jpg [33m404 [0m9.847 ms - 1467[0m
[0mGET /style/default/login_bg.jpg [33m404 [0m7.147 ms - 1467[0m
[0mGET /CN/nite/images/title.gif [33m404 [0m7.455 ms - 1467[0m
[0mGET /Images/dialog_closebtn_over.gif [33m404 [0m7.004 ms - 1467[0m
[0mGET /App_Themes/AdminDefaultTheme/DateTheme/bgteuw.jpg [33m404 [0m7.257 ms - 1467[0m
[0mGET /Images/Microblog/dialog_rt.gif [33m404 [0m6.280 ms - 1467[0m
[0mGET /images/default/listico.gif [33m404 [0m7.151 ms - 1467[0m
[0mGET /images/default/images/button_plain_hover.png [33m404 [0m7.346 ms - 1467[0m
[0mGET /admin/tpl/images/welcome_h1.gif [33m404 [0m6.451 ms - 1467[0m
[0mGET /admin/images/bg-pay-return-success.gif [33m404 [0m7.808 ms - 1467[0m
[0mGET /template/default/images/ad_scroll_forward.png [33m404 [0m6.367 ms - 1467[0m
[0mGET /adfile/ad9.js [33m404 [0m6.429 ms - 1467[0m
[0mGET /admin/images/login_06.jpg [33m404 [0m6.783 ms - 1467[0m
[0mGET /extmail/default/images/lastpg.d.gif [33m404 [0m6.424 ms - 1467[0m
[0mGET /admin/view/image/flags/wales.png [33m404 [0m7.471 ms - 1467[0m
[0mGET /admin/view/image/checkmark.png [33m404 [0m6.442 ms - 1467[0m
[0mGET /adminsoft/templates/images/bullet_blue.gif [33m404 [0m7.261 ms - 1467[0m
[0mGET /public/plug/shipplug/exp04.jpg [33m404 [0m6.455 ms - 1467[0m
[0mGET /images/admin/logo.gif [33m404 [0m6.647 ms - 1467[0m
[0mGET /images/admin/sprites.png [33m404 [0m7.543 ms - 1467[0m
[0mGET /ACT_inc/ItemBg.gif [33m404 [0m8.252 ms - 1467[0m
[0mGET /ACT_inc/share/minusbottom.gif [33m404 [0m8.226 ms - 1467[0m
[0mGET /Admin/Images/bg_admin.jpg [33m404 [0m11.334 ms - 1467[0m
[0mGET /images/act_1.gif [33m404 [0m16.511 ms - 1467[0m
[0mGET /images/reg.gif [33m404 [0m7.752 ms - 1467[0m
[0mGET /favicon.ico [33m404 [0m6.243 ms - 1467[0m
Warning: missing space before text for line 7 of jade file "/alidata/www/nodejs_kaoqin/views/kaoqin.jade"
[0mGET / [36m304 [0m17.847 ms - -[0m
[0mGET /favicon.ico [33m404 [0m11.139 ms - 1467[0m
[0mGET /checkin [36m304 [0m700.538 ms - -[0m
Warning: missing space before text for line 7 of jade file "/alidata/www/nodejs_kaoqin/views/kaoqin.jade"
[0mGET / [32m200 [0m17.691 ms - 822[0m
[0mGET /robots.txt [33m404 [0m9.705 ms - 1467[0m
[0mGET /sitemap.xml [33m404 [0m7.823 ms - 1467[0m
Warning: missing space before text for line 7 of jade file "/alidata/www/nodejs_kaoqin/views/kaoqin.jade"
[0mGET / [32m200 [0m18.013 ms - 822[0m
[0mGET /admin/images/menu-current-arrow.gif [33m404 [0m9.085 ms - 1467[0m
[0mGET /install/images/default/top1_r.jpg [33m404 [0m8.580 ms - 1467[0m
[0mGET /images/default/hd_a1.gif [33m404 [0m8.255 ms - 1467[0m
[0mGET /upload/200812/20081230023106860.gif [33m404 [0m8.366 ms - 1467[0m
[0mGET /Images/Mlogin/Bitmap02.gif [33m404 [0m8.026 ms - 1467[0m
[0mGET /admin/image/menu_h4.png [33m404 [0m7.465 ms - 1467[0m
[0mGET /images/list_bg.png [33m404 [0m7.755 ms - 1467[0m
[0mGET /theme/theme/default/images/bg_bnt_user_base_over.gif [33m404 [0m8.015 ms - 1467[0m
[0mGET /lib/images/vtip_arrow.gif [33m404 [0m7.948 ms - 1467[0m
[0mGET /dede/img/button_bg1.jpg [33m404 [0m8.444 ms - 1467[0m
[0mGET /plus/img/topsearch_submit.gif [33m404 [0m7.759 ms - 1467[0m
[0mGET /include/dialog/img/sp_bg.gif [33m404 [0m7.519 ms - 1467[0m
[0mGET /images/topbanner_bg.png [33m404 [0m8.967 ms - 1467[0m
[0mGET /system/images/lnk/system.gif [33m404 [0m6.391 ms - 1467[0m
[0mGET /images/confirm_close.gif [33m404 [0m6.594 ms - 1467[0m
[0mGET /user/images/must.gif [33m404 [0m10.327 ms - 1467[0m
[0mGET /template/images/li1.gif [33m404 [0m7.059 ms - 1467[0m
[0mGET /favicon.ico [33m404 [0m6.529 ms - 1467[0m
[0mGET /images/page_code.png [33m404 [0m9.901 ms - 1467[0m
[0mGET /editors/index.html [33m404 [0m7.102 ms - 1467[0m
[0mGET /images/samples/4_small.jpg [33m404 [0m7.534 ms - 1467[0m
[0mGET /includes/templates/classic/images/stars_5.gif [33m404 [0m9.153 ms - 1467[0m
[0mGET /includes/templates/template_default/images/always-free-shipping.gif [33m404 [0m6.877 ms - 1467[0m
[0mGET /includes/templates/template_default/buttons/english/button_tell_a_friend.gif [33m404 [0m8.818 ms - 1467[0m
[0mGET /images/zttit02.png [33m404 [0m7.908 ms - 1467[0m
[0mGET /Admin/Images/GoogleSiteMaplogo.gif [33m404 [0m7.902 ms - 1467[0m
[0mGET /template/user/images/manage_r2_c18.jpg [33m404 [0m7.044 ms - 1467[0m
[0mGET /admin/images/admintitlebg.gif [33m404 [0m11.172 ms - 1467[0m
[0mGET /images/gengtie.jpg [33m404 [0m6.832 ms - 1467[0m
[0mGET /core/themes/stable/images/core/menu-collapsed-rtl.png [33m404 [0m8.001 ms - 1467[0m
[0mGET /misc/menu-expanded.png [33m404 [0m8.760 ms - 1467[0m
[0mGET /Admin/Images/icon_lpdhjl.png [33m404 [0m6.408 ms - 1467[0m
[0mGET /store/Images/hdfk.gif [33m404 [0m7.339 ms - 1467[0m
[0mGET /skins/doccms_model_1/images/bg_contact_a.png [33m404 [0m6.525 ms - 1467[0m
[0mGET /admini/images/s_managehtml/icon_refresh.png [33m404 [0m6.896 ms - 1467[0m
[0mGET /Admin/Images/Icon-Nav-Close-over.gif [33m404 [0m6.809 ms - 1467[0m
[0mGET /images/menu_righttop.gif [33m404 [0m8.497 ms - 1467[0m
[0mGET /app/resource/images/coupon-hd-bg.png [33m404 [0m7.094 ms - 1467[0m
[0mGET /web/resource/images/bg_repno.gif [33m404 [0m8.754 ms - 1467[0m
[0mGET /resource/image/bg_repno.gif [33m404 [0m11.457 ms - 1467[0m
[0mGET /admin/images/abg2.png [33m404 [0m6.387 ms - 1467[0m
[0mGET /face/5.gif [33m404 [0m7.286 ms - 1467[0m
[0mGET /xin/btn_regis.gif [33m404 [0m7.028 ms - 1467[0m
[0mGET /global/banklist_hnapay.jpg [33m404 [0m9.775 ms - 1467[0m
[0mGET /Public/lottery/roulette/images/b0-2.jpg [33m404 [0m7.043 ms - 1467[0m
[0mGET /m/_/images/fileicon/jpg.png [33m404 [0m7.405 ms - 1467[0m
[0mGET /system/images/tab_17.gif [33m404 [0m6.999 ms - 1467[0m
[0mGET /admin/images/tab_17.gif [33m404 [0m7.081 ms - 1467[0m
[0mGET /admin/images/top_tt_bg.gif [33m404 [0m7.425 ms - 1467[0m
[0mGET /Public/img/fotorama.png [33m404 [0m7.584 ms - 1467[0m
[0mGET /data/system/kaixin001.gif [33m404 [0m6.313 ms - 1467[0m
[0mGET /data/captcha/gif/Small_Fonts/3.gif [33m404 [0m6.974 ms - 1467[0m
[0mGET /inc_img/vote/vote2_1.gif [33m404 [0m6.412 ms - 1467[0m
[0mGET /admin/images/login/login_submit.gif [33m404 [0m6.970 ms - 1467[0m
[0mGET /i5808/images/menu_reduce.gif [33m404 [0m6.737 ms - 1467[0m
[0mGET /skins/images/ico_catalogue.png [33m404 [0m50.742 ms - 1467[0m
[0mGET /images/logout1.png [33m404 [0m6.409 ms - 1467[0m
[0mGET /forum/images/logout1.png [33m404 [0m22.686 ms - 1467[0m
[0mGET /images/common/online_admin.gif [33m404 [0m7.411 ms - 1467[0m
[0mGET /images/rank/soso.gif [33m404 [0m6.337 ms - 1467[0m
[0mGET /console/images/bg11.jpg [33m404 [0m7.407 ms - 1467[0m
[0mGET /console/images/login.gif [33m404 [0m9.449 ms - 1467[0m
[0mGET /Admincp/images/login_r2_c2_r1_c4.jpg [33m404 [0m8.846 ms - 1467[0m
[0mGET /statics/delivertitle.gif [33m404 [0m8.743 ms - 1467[0m
[0mGET /images/default/shopexstorelogo.jpg [33m404 [0m9.956 ms - 1467[0m
[0mGET /admin/images/netgather_com.gif [33m404 [0m9.765 ms - 1467[0m
[0mGET /cn/images/banner_page_bg.gif [33m404 [0m10.516 ms - 1467[0m
[0mGET /static/image/common/addicn.gif [33m404 [0m9.436 ms - 1467[0m
[0mGET /static/space/t1/images/title.png [33m404 [0m8.366 ms - 1467[0m
[0mGET /themes/forum/default/images/forum/lock.gif [33m404 [0m9.270 ms - 1467[0m
[0mGET /images/select_arrow_over.gif [33m404 [0m9.315 ms - 1467[0m
[0mGET /static/images/buttons_40.png [33m404 [0m9.113 ms - 1467[0m
[0mGET /include/image/dui_r.gif [33m404 [0m9.472 ms - 1467[0m
[0mGET /template/default/index/images/anvico.png [33m404 [0m8.615 ms - 1467[0m
[0mGET /skin/default/image/add_job.gif [33m404 [0m9.875 ms - 1467[0m
[0mGET /app/Tpl/main/fanwe/images/fanwe_ui/ui-buttonbg.gif [33m404 [0m9.478 ms - 1467[0m
[0mGET /views/images/admin/closex.gif [33m404 [0m12.836 ms - 1467[0m
[0mGET /template/default/images/gbook_btn_bg.gif [33m404 [0m10.008 ms - 1467[0m
[0mGET /inc/images/captcha_bg.jpg [33m404 [0m10.261 ms - 1467[0m
[0mGET /inc/templates/manage/images/cross_grey_small.png [33m404 [0m9.014 ms - 1467[0m
[0mGET /content/plugins/tips/icon_tips.gif [33m404 [0m8.520 ms - 1467[0m
[0mGET /content/templates/default/images/weibe_button.gif [33m404 [0m11.796 ms - 1467[0m
[0mGET /admin/templates/met/images/logosmall.gif [33m404 [0m8.835 ms - 1467[0m
[0mGET /favicon.ico [33m404 [0m23.049 ms - 1467[0m
[0mGET /job/templates/met/css/style.css [33m404 [0m8.458 ms - 1467[0m
[0mGET /wap/templates/met/images/listico.gif [33m404 [0m7.727 ms - 1467[0m
[0mGET /admin/images/icon_view.gif [33m404 [0m8.268 ms - 1467[0m
[0mGET /install/images/install-step1-en_us.gif [33m404 [0m7.282 ms - 1467[0m
[0mGET /images/admina/logo.png [33m404 [0m7.396 ms - 1467[0m
[0mGET /images/admina/sitmap0.png [33m404 [0m6.902 ms - 1467[0m
[0mGET /app/Tpl/fanwe/images/fancybox_loading.gif [33m404 [0m9.097 ms - 1467[0m
[0mGET /images/side_bg_r2_c1.gif [33m404 [0m7.366 ms - 1467[0m
[0mGET /e/install/images/noadd.gif [33m404 [0m8.188 ms - 1467[0m
[0mGET /d/js/acmsd/close_o.gif [33m404 [0m6.996 ms - 1467[0m
[0mGET /admin/images/login/index_hz02.gif [33m404 [0m7.051 ms - 1467[0m
[0mGET /images/showsp/areabg.gif [33m404 [0m6.852 ms - 1467[0m
[0mGET /SiteServer/Pic/Company/login.gif [33m404 [0m6.916 ms - 1467[0m
[0mGET /Pic/Company/login.gif [33m404 [0m6.774 ms - 1467[0m
[0mGET /SiteServer/Pic/tree/itemContainer.gif [33m404 [0m6.129 ms - 1467[0m
[0mGET /Pic/tree/itemContainer.gif [33m404 [0m7.527 ms - 1467[0m
[0mGET /Images/Silder/sldr3h_sl.gif [33m404 [0m7.353 ms - 1467[0m
[0mGET /Admin/Images/LoginImages/logyh.gif [33m404 [0m6.275 ms - 1467[0m
[0mGET /public/images/xueli_1.jpg [33m404 [0m6.926 ms - 1467[0m
[0mGET /statics/images/admin_img/arrowhead-y.png [33m404 [0m7.970 ms - 1467[0m
[0mGET /phpsso_server/statics/images/msg_img/chrome_s_1.png [33m404 [0m6.363 ms - 1467[0m
[0mGET /images/buddies.png [33m404 [0m6.526 ms - 1467[0m
[0mGET /script/valid_formdata.js [33m404 [0m7.746 ms - 1467[0m
[0mGET /admin/templates/images/subTypeBg.gif [33m404 [0m6.176 ms - 1467[0m
[0mGET /admin/templates/images/filestate.png [33m404 [0m6.206 ms - 1467[0m
[0mGET /images/ad_location_middle_center1.jpg [33m404 [0m6.319 ms - 1467[0m
[0mGET /theme/t1/themebg_preview.jpg [33m404 [0m8.763 ms - 1467[0m
[0mGET /images/table_bg.jpg [33m404 [0m6.934 ms - 1467[0m
[0mGET /images/ext/midi.gif [33m404 [0m7.174 ms - 1467[0m
[0mGET /wp-includes/images/icon-pointer-flag.png [33m404 [0m6.717 ms - 1467[0m
[0mGET /wp-admin/images/yes.png [33m404 [0m6.601 ms - 1467[0m
[0mGET /wp-admin/js/farbtastic.js [33m404 [0m6.181 ms - 1467[0m
[0mGET /wp-includes/js/swfupload/plugins/swfupload.queue.js [33m404 [0m7.047 ms - 1467[0m
[0mGET /admin/images/comment_alert.gif [33m404 [0m10.228 ms - 1467[0m
[0mGET /data/avatar/no_photo.gif [33m404 [0m7.526 ms - 1467[0m
[0mGET /views/default/skin/blue/images/front/buying.gif [33m404 [0m6.356 ms - 1467[0m
[0mGET /install/images/guide_1.gif [33m404 [0m6.269 ms - 1467[0m
[0mGET /upload/2011/11/30/20111130113535527.jpg [33m404 [0m6.615 ms - 1467[0m
[0mGET /plus/weather/icon/a_12.gif [33m404 [0m8.572 ms - 1467[0m
[0mGET /question/images/face/images/ico_face_arrow.gif [33m404 [0m6.571 ms - 1467[0m
[0mGET /images/movienr_right01.jpg [33m404 [0m6.504 ms - 1467[0m
[0mGET /Admin/Images/RectNoColor.gif [33m404 [0m13.282 ms - 1467[0m
[0mGET /base/admin/images/linksup.gif [33m404 [0m7.789 ms - 1467[0m
[0mGET /base/templates/images/2.png [33m404 [0m6.752 ms - 1467[0m
[0mGET /zb_users/AVATAR/0.png [33m404 [0m6.736 ms - 1467[0m
[0mGET /zb_users/avatar/0.png [33m404 [0m6.962 ms - 1467[0m
[0mGET /admin/skins/images/ads_set3.gif [33m404 [0m12.076 ms - 1467[0m
[0mGET /images/forum_readme.gif [33m404 [0m6.640 ms - 1467[0m
[0mGET /img/images/commentLoad.gif [33m404 [0m7.249 ms - 1467[0m
[0mGET /install/images/bg-cmstop.jpg [33m404 [0m6.522 ms - 1467[0m
[0mGET /app/Tpl/fanwe/images/icon_arrowdouble.jpg [33m404 [0m7.572 ms - 1467[0m
[0mGET /admin/images/loadingAnimation.gif [33m404 [0m8.213 ms - 1467[0m
[0mGET /images/modmenu_li_hover_bg.gif [33m404 [0m6.245 ms - 1467[0m
[0mGET /administrator/templates/system/images/calendar.png [33m404 [0m6.472 ms - 1467[0m
[0mGET /images/banners/shop-ad-books.jpg [33m404 [0m6.612 ms - 1467[0m
[0mGET /Images/Sort_Folder_Close.gif [33m404 [0m6.700 ms - 1467[0m
[0mGET /Images/arrow_04.gif [33m404 [0m6.929 ms - 1467[0m
[0mGET /e/install/images/bg_1.gif [33m404 [0m8.886 ms - 1467[0m
[0mGET /images/public/hr_tijiao.gif [33m404 [0m6.675 ms - 1467[0m
[0mGET /template/skin6/cn/images/ico_zlxz.gif [33m404 [0m8.610 ms - 1467[0m
[0mGET /inc/image/bj.gif [33m404 [0m6.978 ms - 1467[0m
[0mGET /install/style.css [33m404 [0m6.838 ms - 1467[0m
[0mGET /admin/images/arrow_right_8x8.png [33m404 [0m6.280 ms - 1467[0m
[0mGET /static/common/topic-min-img.png [33m404 [0m7.021 ms - 1467[0m
[0mGET /image/admin/add.gif [33m404 [0m6.780 ms - 1467[0m
[0mGET /image/cflag/ad.gif [33m404 [0m6.873 ms - 1467[0m
[0mGET /Admin/images/install_lines.jpg [33m404 [0m6.359 ms - 1467[0m
[0mGET /Utility/pics/status-green.gif [33m404 [0m6.527 ms - 1467[0m
[0mGET /images/i_3.jpg [33m404 [0m6.191 ms - 1467[0m
[0mGET /product/waterimage/200x200.png [33m404 [0m6.051 ms - 1467[0m
[0mGET /install/images/header-corners.png [33m404 [0m8.130 ms - 1467[0m
[0mGET /images/gif_47_106.gif [33m404 [0m6.741 ms - 1467[0m
[0mGET /static/ayacms.gif [33m404 [0m6.299 ms - 1467[0m
[0mGET /media/xmlconnect/system/ok.gif [33m404 [0m6.926 ms - 1467[0m
[0mGET /LICENSE.txt [33m404 [0m6.087 ms - 1467[0m
[0mGET /skin/frontend/base/default/favicon.ico [33m404 [0m8.399 ms - 1467[0m
[0mGET /images/qq/qqkf2/Kf_bg03_03.gif [33m404 [0m6.168 ms - 1467[0m
[0mGET /js/close.gif [33m404 [0m6.753 ms - 1467[0m
[0mGET /bbs/css/images/add_category_hover.gif [33m404 [0m6.588 ms - 1467[0m
[0mGET /celive/admin/live/loading.gif [33m404 [0m5.935 ms - 1467[0m
[0mGET /views/admin/images/arrowhead-y.png [33m404 [0m7.383 ms - 1467[0m
[0mGET /extensions/kindeditor/themes/default/default.png) [33m404 [0m7.093 ms - 1467[0m
[0mGET /style/default/hdwiki.css [33m404 [0m7.279 ms - 1467[0m
[0mGET /style/default/fujian_top_bg.jpg [33m404 [0m7.056 ms - 1467[0m
[0mGET /style/default/index_login_bg.jpg [33m404 [0m7.993 ms - 1467[0m
[0mGET /style/default/style/bg_title.jpg [33m404 [0m6.857 ms - 1467[0m
[0mGET /style/default/login_bg.jpg [33m404 [0m6.736 ms - 1467[0m
[0mGET /CN/nite/images/title.gif [33m404 [0m7.926 ms - 1467[0m
[0mGET /Images/dialog_closebtn_over.gif [33m404 [0m7.930 ms - 1467[0m
[0mGET /App_Themes/AdminDefaultTheme/DateTheme/bgteuw.jpg [33m404 [0m7.887 ms - 1467[0m
[0mGET /Images/Microblog/dialog_rt.gif [33m404 [0m13.508 ms - 1467[0m
[0mGET /admin/images/li_4.gif [33m404 [0m7.134 ms - 1467[0m
[0mGET /images/default/listico.gif [33m404 [0m7.008 ms - 1467[0m
[0mGET /images/default/images/button_plain_hover.png [33m404 [0m6.830 ms - 1467[0m
[0mGET /admin/tpl/images/welcome_h1.gif [33m404 [0m7.388 ms - 1467[0m
[0mGET /admin/images/bg-pay-return-success.gif [33m404 [0m6.904 ms - 1467[0m
[0mGET /template/default/images/ad_scroll_forward.png [33m404 [0m6.500 ms - 1467[0m
[0mGET /adfile/ad9.js [33m404 [0m6.481 ms - 1467[0m
[0mGET /admin/images/login_06.jpg [33m404 [0m7.480 ms - 1467[0m
[0mGET /extmail/default/images/lastpg.d.gif [33m404 [0m6.734 ms - 1467[0m
[0mGET /admin/view/image/flags/wales.png [33m404 [0m6.216 ms - 1467[0m
[0mGET /admin/view/image/checkmark.png [33m404 [0m7.176 ms - 1467[0m
[0mGET /adminsoft/templates/images/bullet_blue.gif [33m404 [0m7.965 ms - 1467[0m
[0mGET /public/plug/shipplug/exp04.jpg [33m404 [0m6.309 ms - 1467[0m
[0mGET /images/admin/logo.gif [33m404 [0m14.516 ms - 1467[0m
[0mGET /images/admin/sprites.png [33m404 [0m7.502 ms - 1467[0m
[0mGET /ACT_inc/ItemBg.gif [33m404 [0m6.408 ms - 1467[0m
[0mGET /ACT_inc/share/minusbottom.gif [33m404 [0m6.642 ms - 1467[0m
[0mGET /Admin/Images/bg_admin.jpg [33m404 [0m6.668 ms - 1467[0m
[0mGET /images/act_1.gif [33m404 [0m7.143 ms - 1467[0m
[0mGET /images/reg.gif [33m404 [0m10.537 ms - 1467[0m
Warning: missing space before text for line 7 of jade file "/alidata/www/nodejs_kaoqin/views/kaoqin.jade"
[0mGET / [32m200 [0m21.905 ms - 822[0m
[0mOPTIONS / [32m200 [0m1.712 ms - 8[0m
[0mGET /nice%20ports%2C/Tri%6Eity.txt%2ebak [33m404 [0m11.773 ms - 1467[0m
[0mGET /favicon.ico [33m404 [0m11.190 ms - 1467[0m
Warning: missing space before text for line 7 of jade file "/alidata/www/nodejs_kaoqin/views/kaoqin.jade"
[0mGET / [36m304 [0m21.088 ms - -[0m
[0mGET /checkin [36m304 [0m615.540 ms - -[0m
Warning: missing space before text for line 7 of jade file "/alidata/www/nodejs_kaoqin/views/kaoqin.jade"
[0mGET / [32m200 [0m23.114 ms - 822[0m
[0mGET /favicon.ico [33m404 [0m10.495 ms - 1467[0m
[0mGET /checkout [32m200 [0m619.348 ms - 76[0m
Warning: missing space before text for line 7 of jade file "/alidata/www/nodejs_kaoqin/views/kaoqin.jade"
[0mGET / [32m200 [0m28.767 ms - 822[0m
[0mOPTIONS / [32m200 [0m0.665 ms - 8[0m
[0mGET /nice%20ports%2C/Tri%6Eity.txt%2ebak [33m404 [0m12.560 ms - 1467[0m
[0mGET /favicon.ico [33m404 [0m10.723 ms - 1467[0m
Warning: missing space before text for line 7 of jade file "/alidata/www/nodejs_kaoqin/views/kaoqin.jade"
[0mGET / [36m304 [0m20.983 ms - -[0m
[0mGET /checkin [32m200 [0m642.903 ms - 76[0m
[0mGET /checkin [32m200 [0m664.198 ms - 76[0m
[0mGET /favicon.ico [33m404 [0m10.567 ms - 1467[0m
Warning: missing space before text for line 7 of jade file "/alidata/www/nodejs_kaoqin/views/kaoqin.jade"
[0mGET / [32m200 [0m22.324 ms - 822[0m
[0mGET /favicon.ico [33m404 [0m55.591 ms - 1467[0m
[0mGET /checkin [32m200 [0m658.861 ms - 112[0m
{ [Error: Internal Server Error]
  original: null,
  response: 
   Response {
     domain: null,
     _events: {},
     _eventsCount: 0,
     _maxListeners: undefined,
     res: 
      IncomingMessage {
        _readableState: [Object],
        readable: false,
        domain: null,
        _events: [Object],
        _eventsCount: 3,
        _maxListeners: undefined,
        socket: [Object],
        connection: [Object],
        httpVersionMajor: 1,
        httpVersionMinor: 1,
        httpVersion: '1.1',
        complete: true,
        headers: [Object],
        rawHeaders: [Object],
        trailers: {},
        rawTrailers: [],
        upgrade: false,
        url: '',
        method: null,
        statusCode: 500,
        statusMessage: 'Internal Server Error',
        client: [Object],
        _consuming: true,
        _dumped: false,
        req: [Object],
        setEncoding: [Function],
        on: [Function],
        text: '您今天已经打过上班卡，无需再次打卡。',
        read: [Function],
        body: undefined },
     request: 
      Request {
        domain: null,
        _events: [Object],
        _eventsCount: 1,
        _maxListeners: undefined,
        _agent: false,
        _formData: null,
        method: 'GET',
        url: 'https://www.zhisiyun.com/wxapp/001/do_clockInOut?op=in&address_name=璞缇客&longitude=121.44903&latitude=31.21772&distance=136.21',
        _header: [Object],
        header: [Object],
        writable: true,
        _redirects: 0,
        _maxRedirects: 5,
        cookies: '',
        qs: {},
        qsRaw: [Object],
        _redirectList: [],
        _streamRequest: false,
        _data: [Object],
        req: [Object],
        protocol: 'https:',
        host: 'www.zhisiyun.com',
        _callback: [Function],
        res: [Object],
        response: [Circular],
        _timeout: 0,
        called: true },
     req: 
      ClientRequest {
        domain: null,
        _events: [Object],
        _eventsCount: 3,
        _maxListeners: undefined,
        output: [],
        outputEncodings: [],
        outputCallbacks: [],
        outputSize: 0,
        writable: true,
        _last: true,
        chunkedEncoding: false,
        shouldKeepAlive: false,
        useChunkedEncodingByDefault: false,
        sendDate: false,
        _removedHeader: [Object],
        _contentLength: 24,
        _hasBody: true,
        _trailer: '',
        finished: true,
        _headerSent: true,
        socket: [Object],
        connection: [Object],
        _header: 'GET /wxapp/001/do_clockInOut?op=in&address_name=璞缇客&longitude=121.44903&latitude=31.21772&distance=136.21 HTTP/1.1\r\nHost: www.zhisiyun.com\r\nAccept-Encoding: gzip, deflate\r\nUser-Agent: Mozilla/5.0 (Linux; Android 6.0; Nexus 5 Build/MRA58N) AppleWebKit/537.36\r\nContent-Type: application/json;charset=UTF-8\r\nCookie: connect.sid=s%3Ah-R47pFcyAamVxLwju4rMR_d.XHd6%2F6%2BzA8UFv%2F5hekrO2PJlo23H3xevuP42p%2FLymSk; i18next=zh\r\nContent-Length: 24\r\nConnection: close\r\n\r\n',
        _headers: [Object],
        _headerNames: [Object],
        _onPendingData: null,
        agent: [Object],
        socketPath: undefined,
        method: 'GET',
        path: '/wxapp/001/do_clockInOut?op=in&address_name=璞缇客&longitude=121.44903&latitude=31.21772&distance=136.21',
        parser: null,
        res: [Object] },
     links: {},
     text: '您今天已经打过上班卡，无需再次打卡。',
     body: {},
     files: {},
     buffered: true,
     headers: 
      { server: 'nginx/1.1.19',
        date: 'Tue, 26 Jul 2016 01:00:02 GMT',
        'content-type': 'text/html; charset=utf-8',
        'transfer-encoding': 'chunked',
        connection: 'close',
        'x-powered-by': 'Express',
        vary: 'Accept-Encoding',
        'set-cookie': [Object],
        'content-encoding': 'gzip' },
     header: 
      { server: 'nginx/1.1.19',
        date: 'Tue, 26 Jul 2016 01:00:02 GMT',
        'content-type': 'text/html; charset=utf-8',
        'transfer-encoding': 'chunked',
        connection: 'close',
        'x-powered-by': 'Express',
        vary: 'Accept-Encoding',
        'set-cookie': [Object],
        'content-encoding': 'gzip' },
     statusCode: 500,
     status: 500,
     statusType: 5,
     info: false,
     ok: false,
     redirect: false,
     clientError: false,
     serverError: true,
     error: 
      { [Error: cannot GET /wxapp/001/do_clockInOut?op=in&address_name=璞缇客&longitude=121.44903&latitude=31.21772&distance=136.21 (500)]
        status: 500,
        text: '您今天已经打过上班卡，无需再次打卡。',
        method: 'GET',
        path: '/wxapp/001/do_clockInOut?op=in&address_name=璞缇客&longitude=121.44903&latitude=31.21772&distance=136.21' },
     accepted: false,
     noContent: false,
     badRequest: false,
     unauthorized: false,
     notAcceptable: false,
     forbidden: false,
     notFound: false,
     charset: 'utf-8',
     type: 'text/html',
     setEncoding: [Function: bound ],
     redirects: [] },
  status: 500 }
[0mGET /checkin [36m304 [0m505.639 ms - -[0m
{ [Error: Internal Server Error]
  original: null,
  response: 
   Response {
     domain: null,
     _events: {},
     _eventsCount: 0,
     _maxListeners: undefined,
     res: 
      IncomingMessage {
        _readableState: [Object],
        readable: false,
        domain: null,
        _events: [Object],
        _eventsCount: 3,
        _maxListeners: undefined,
        socket: [Object],
        connection: [Object],
        httpVersionMajor: 1,
        httpVersionMinor: 1,
        httpVersion: '1.1',
        complete: true,
        headers: [Object],
        rawHeaders: [Object],
        trailers: {},
        rawTrailers: [],
        upgrade: false,
        url: '',
        method: null,
        statusCode: 500,
        statusMessage: 'Internal Server Error',
        client: [Object],
        _consuming: true,
        _dumped: false,
        req: [Object],
        setEncoding: [Function],
        on: [Function],
        text: '您今天已经打过上班卡，无需再次打卡。',
        read: [Function],
        body: undefined },
     request: 
      Request {
        domain: null,
        _events: [Object],
        _eventsCount: 1,
        _maxListeners: undefined,
        _agent: false,
        _formData: null,
        method: 'GET',
        url: 'https://www.zhisiyun.com/wxapp/001/do_clockInOut?op=in&address_name=璞缇客&longitude=121.44903&latitude=31.21772&distance=86.47',
        _header: [Object],
        header: [Object],
        writable: true,
        _redirects: 0,
        _maxRedirects: 5,
        cookies: '',
        qs: {},
        qsRaw: [Object],
        _redirectList: [],
        _streamRequest: false,
        _data: [Object],
        req: [Object],
        protocol: 'https:',
        host: 'www.zhisiyun.com',
        _callback: [Function],
        res: [Object],
        response: [Circular],
        _timeout: 0,
        called: true },
     req: 
      ClientRequest {
        domain: null,
        _events: [Object],
        _eventsCount: 3,
        _maxListeners: undefined,
        output: [],
        outputEncodings: [],
        outputCallbacks: [],
        outputSize: 0,
        writable: true,
        _last: true,
        chunkedEncoding: false,
        shouldKeepAlive: false,
        useChunkedEncodingByDefault: false,
        sendDate: false,
        _removedHeader: [Object],
        _contentLength: 24,
        _hasBody: true,
        _trailer: '',
        finished: true,
        _headerSent: true,
        socket: [Object],
        connection: [Object],
        _header: 'GET /wxapp/001/do_clockInOut?op=in&address_name=璞缇客&longitude=121.44903&latitude=31.21772&distance=86.47 HTTP/1.1\r\nHost: www.zhisiyun.com\r\nAccept-Encoding: gzip, deflate\r\nUser-Agent: Mozilla/5.0 (Linux; Android 6.0; Nexus 5 Build/MRA58N) AppleWebKit/537.36\r\nContent-Type: application/json;charset=UTF-8\r\nCookie: connect.sid=s%3Ah-R47pFcyAamVxLwju4rMR_d.XHd6%2F6%2BzA8UFv%2F5hekrO2PJlo23H3xevuP42p%2FLymSk; i18next=zh\r\nContent-Length: 24\r\nConnection: close\r\n\r\n',
        _headers: [Object],
        _headerNames: [Object],
        _onPendingData: null,
        agent: [Object],
        socketPath: undefined,
        method: 'GET',
        path: '/wxapp/001/do_clockInOut?op=in&address_name=璞缇客&longitude=121.44903&latitude=31.21772&distance=86.47',
        parser: null,
        res: [Object] },
     links: {},
     text: '您今天已经打过上班卡，无需再次打卡。',
     body: {},
     files: {},
     buffered: true,
     headers: 
      { server: 'nginx/1.1.19',
        date: 'Tue, 26 Jul 2016 01:00:29 GMT',
        'content-type': 'text/html; charset=utf-8',
        'transfer-encoding': 'chunked',
        connection: 'close',
        'x-powered-by': 'Express',
        vary: 'Accept-Encoding',
        'set-cookie': [Object],
        'content-encoding': 'gzip' },
     header: 
      { server: 'nginx/1.1.19',
        date: 'Tue, 26 Jul 2016 01:00:29 GMT',
        'content-type': 'text/html; charset=utf-8',
        'transfer-encoding': 'chunked',
        connection: 'close',
        'x-powered-by': 'Express',
        vary: 'Accept-Encoding',
        'set-cookie': [Object],
        'content-encoding': 'gzip' },
     statusCode: 500,
     status: 500,
     statusType: 5,
     info: false,
     ok: false,
     redirect: false,
     clientError: false,
     serverError: true,
     error: 
      { [Error: cannot GET /wxapp/001/do_clockInOut?op=in&address_name=璞缇客&longitude=121.44903&latitude=31.21772&distance=86.47 (500)]
        status: 500,
        text: '您今天已经打过上班卡，无需再次打卡。',
        method: 'GET',
        path: '/wxapp/001/do_clockInOut?op=in&address_name=璞缇客&longitude=121.44903&latitude=31.21772&distance=86.47' },
     accepted: false,
     noContent: false,
     badRequest: false,
     unauthorized: false,
     notAcceptable: false,
     forbidden: false,
     notFound: false,
     charset: 'utf-8',
     type: 'text/html',
     setEncoding: [Function: bound ],
     redirects: [] },
  status: 500 }
[0mGET /checkin [36m304 [0m707.113 ms - -[0m
{ [Error: Internal Server Error]
  original: null,
  response: 
   Response {
     domain: null,
     _events: {},
     _eventsCount: 0,
     _maxListeners: undefined,
     res: 
      IncomingMessage {
        _readableState: [Object],
        readable: false,
        domain: null,
        _events: [Object],
        _eventsCount: 3,
        _maxListeners: undefined,
        socket: [Object],
        connection: [Object],
        httpVersionMajor: 1,
        httpVersionMinor: 1,
        httpVersion: '1.1',
        complete: true,
        headers: [Object],
        rawHeaders: [Object],
        trailers: {},
        rawTrailers: [],
        upgrade: false,
        url: '',
        method: null,
        statusCode: 500,
        statusMessage: 'Internal Server Error',
        client: [Object],
        _consuming: true,
        _dumped: false,
        req: [Object],
        setEncoding: [Function],
        on: [Function],
        text: '您今天已经打过上班卡，无需再次打卡。',
        read: [Function],
        body: undefined },
     request: 
      Request {
        domain: null,
        _events: [Object],
        _eventsCount: 1,
        _maxListeners: undefined,
        _agent: false,
        _formData: null,
        method: 'GET',
        url: 'https://www.zhisiyun.com/wxapp/001/do_clockInOut?op=in&address_name=璞缇客&longitude=121.44903&latitude=31.21772&distance=168.39',
        _header: [Object],
        header: [Object],
        writable: true,
        _redirects: 0,
        _maxRedirects: 5,
        cookies: '',
        qs: {},
        qsRaw: [Object],
        _redirectList: [],
        _streamRequest: false,
        _data: [Object],
        req: [Object],
        protocol: 'https:',
        host: 'www.zhisiyun.com',
        _callback: [Function],
        res: [Object],
        response: [Circular],
        _timeout: 0,
        called: true },
     req: 
      ClientRequest {
        domain: null,
        _events: [Object],
        _eventsCount: 3,
        _maxListeners: undefined,
        output: [],
        outputEncodings: [],
        outputCallbacks: [],
        outputSize: 0,
        writable: true,
        _last: true,
        chunkedEncoding: false,
        shouldKeepAlive: false,
        useChunkedEncodingByDefault: false,
        sendDate: false,
        _removedHeader: [Object],
        _contentLength: 24,
        _hasBody: true,
        _trailer: '',
        finished: true,
        _headerSent: true,
        socket: [Object],
        connection: [Object],
        _header: 'GET /wxapp/001/do_clockInOut?op=in&address_name=璞缇客&longitude=121.44903&latitude=31.21772&distance=168.39 HTTP/1.1\r\nHost: www.zhisiyun.com\r\nAccept-Encoding: gzip, deflate\r\nUser-Agent: Mozilla/5.0 (Linux; Android 6.0; Nexus 5 Build/MRA58N) AppleWebKit/537.36\r\nContent-Type: application/json;charset=UTF-8\r\nCookie: connect.sid=s%3Ah-R47pFcyAamVxLwju4rMR_d.XHd6%2F6%2BzA8UFv%2F5hekrO2PJlo23H3xevuP42p%2FLymSk; i18next=zh\r\nContent-Length: 24\r\nConnection: close\r\n\r\n',
        _headers: [Object],
        _headerNames: [Object],
        _onPendingData: null,
        agent: [Object],
        socketPath: undefined,
        method: 'GET',
        path: '/wxapp/001/do_clockInOut?op=in&address_name=璞缇客&longitude=121.44903&latitude=31.21772&distance=168.39',
        parser: null,
        res: [Object] },
     links: {},
     text: '您今天已经打过上班卡，无需再次打卡。',
     body: {},
     files: {},
     buffered: true,
     headers: 
      { server: 'nginx/1.1.19',
        date: 'Tue, 26 Jul 2016 01:00:50 GMT',
        'content-type': 'text/html; charset=utf-8',
        'transfer-encoding': 'chunked',
        connection: 'close',
        'x-powered-by': 'Express',
        vary: 'Accept-Encoding',
        'set-cookie': [Object],
        'content-encoding': 'gzip' },
     header: 
      { server: 'nginx/1.1.19',
        date: 'Tue, 26 Jul 2016 01:00:50 GMT',
        'content-type': 'text/html; charset=utf-8',
        'transfer-encoding': 'chunked',
        connection: 'close',
        'x-powered-by': 'Express',
        vary: 'Accept-Encoding',
        'set-cookie': [Object],
        'content-encoding': 'gzip' },
     statusCode: 500,
     status: 500,
     statusType: 5,
     info: false,
     ok: false,
     redirect: false,
     clientError: false,
     serverError: true,
     error: 
      { [Error: cannot GET /wxapp/001/do_clockInOut?op=in&address_name=璞缇客&longitude=121.44903&latitude=31.21772&distance=168.39 (500)]
        status: 500,
        text: '您今天已经打过上班卡，无需再次打卡。',
        method: 'GET',
        path: '/wxapp/001/do_clockInOut?op=in&address_name=璞缇客&longitude=121.44903&latitude=31.21772&distance=168.39' },
     accepted: false,
     noContent: false,
     badRequest: false,
     unauthorized: false,
     notAcceptable: false,
     forbidden: false,
     notFound: false,
     charset: 'utf-8',
     type: 'text/html',
     setEncoding: [Function: bound ],
     redirects: [] },
  status: 500 }
[0mGET /checkin [36m304 [0m521.312 ms - -[0m
{ [Error: Internal Server Error]
  original: null,
  response: 
   Response {
     domain: null,
     _events: {},
     _eventsCount: 0,
     _maxListeners: undefined,
     res: 
      IncomingMessage {
        _readableState: [Object],
        readable: false,
        domain: null,
        _events: [Object],
        _eventsCount: 3,
        _maxListeners: undefined,
        socket: [Object],
        connection: [Object],
        httpVersionMajor: 1,
        httpVersionMinor: 1,
        httpVersion: '1.1',
        complete: true,
        headers: [Object],
        rawHeaders: [Object],
        trailers: {},
        rawTrailers: [],
        upgrade: false,
        url: '',
        method: null,
        statusCode: 500,
        statusMessage: 'Internal Server Error',
        client: [Object],
        _consuming: true,
        _dumped: false,
        req: [Object],
        setEncoding: [Function],
        on: [Function],
        text: '您今天已经打过上班卡，无需再次打卡。',
        read: [Function],
        body: undefined },
     request: 
      Request {
        domain: null,
        _events: [Object],
        _eventsCount: 1,
        _maxListeners: undefined,
        _agent: false,
        _formData: null,
        method: 'GET',
        url: 'https://www.zhisiyun.com/wxapp/001/do_clockInOut?op=in&address_name=璞缇客&longitude=121.44903&latitude=31.21772&distance=106.04',
        _header: [Object],
        header: [Object],
        writable: true,
        _redirects: 0,
        _maxRedirects: 5,
        cookies: '',
        qs: {},
        qsRaw: [Object],
        _redirectList: [],
        _streamRequest: false,
        _data: [Object],
        req: [Object],
        protocol: 'https:',
        host: 'www.zhisiyun.com',
        _callback: [Function],
        res: [Object],
        response: [Circular],
        _timeout: 0,
        called: true },
     req: 
      ClientRequest {
        domain: null,
        _events: [Object],
        _eventsCount: 3,
        _maxListeners: undefined,
        output: [],
        outputEncodings: [],
        outputCallbacks: [],
        outputSize: 0,
        writable: true,
        _last: true,
        chunkedEncoding: false,
        shouldKeepAlive: false,
        useChunkedEncodingByDefault: false,
        sendDate: false,
        _removedHeader: [Object],
        _contentLength: 24,
        _hasBody: true,
        _trailer: '',
        finished: true,
        _headerSent: true,
        socket: [Object],
        connection: [Object],
        _header: 'GET /wxapp/001/do_clockInOut?op=in&address_name=璞缇客&longitude=121.44903&latitude=31.21772&distance=106.04 HTTP/1.1\r\nHost: www.zhisiyun.com\r\nAccept-Encoding: gzip, deflate\r\nUser-Agent: Mozilla/5.0 (Linux; Android 6.0; Nexus 5 Build/MRA58N) AppleWebKit/537.36\r\nContent-Type: application/json;charset=UTF-8\r\nCookie: connect.sid=s%3Ah-R47pFcyAamVxLwju4rMR_d.XHd6%2F6%2BzA8UFv%2F5hekrO2PJlo23H3xevuP42p%2FLymSk; i18next=zh\r\nContent-Length: 24\r\nConnection: close\r\n\r\n',
        _headers: [Object],
        _headerNames: [Object],
        _onPendingData: null,
        agent: [Object],
        socketPath: undefined,
        method: 'GET',
        path: '/wxapp/001/do_clockInOut?op=in&address_name=璞缇客&longitude=121.44903&latitude=31.21772&distance=106.04',
        parser: null,
        res: [Object] },
     links: {},
     text: '您今天已经打过上班卡，无需再次打卡。',
     body: {},
     files: {},
     buffered: true,
     headers: 
      { server: 'nginx/1.1.19',
        date: 'Tue, 26 Jul 2016 01:00:55 GMT',
        'content-type': 'text/html; charset=utf-8',
        'transfer-encoding': 'chunked',
        connection: 'close',
        'x-powered-by': 'Express',
        vary: 'Accept-Encoding',
        'set-cookie': [Object],
        'content-encoding': 'gzip' },
     header: 
      { server: 'nginx/1.1.19',
        date: 'Tue, 26 Jul 2016 01:00:55 GMT',
        'content-type': 'text/html; charset=utf-8',
        'transfer-encoding': 'chunked',
        connection: 'close',
        'x-powered-by': 'Express',
        vary: 'Accept-Encoding',
        'set-cookie': [Object],
        'content-encoding': 'gzip' },
     statusCode: 500,
     status: 500,
     statusType: 5,
     info: false,
     ok: false,
     redirect: false,
     clientError: false,
     serverError: true,
     error: 
      { [Error: cannot GET /wxapp/001/do_clockInOut?op=in&address_name=璞缇客&longitude=121.44903&latitude=31.21772&distance=106.04 (500)]
        status: 500,
        text: '您今天已经打过上班卡，无需再次打卡。',
        method: 'GET',
        path: '/wxapp/001/do_clockInOut?op=in&address_name=璞缇客&longitude=121.44903&latitude=31.21772&distance=106.04' },
     accepted: false,
     noContent: false,
     badRequest: false,
     unauthorized: false,
     notAcceptable: false,
     forbidden: false,
     notFound: false,
     charset: 'utf-8',
     type: 'text/html',
     setEncoding: [Function: bound ],
     redirects: [] },
  status: 500 }
[0mGET /checkin [36m304 [0m653.643 ms - -[0m
{ [Error: Internal Server Error]
  original: null,
  response: 
   Response {
     domain: null,
     _events: {},
     _eventsCount: 0,
     _maxListeners: undefined,
     res: 
      IncomingMessage {
        _readableState: [Object],
        readable: false,
        domain: null,
        _events: [Object],
        _eventsCount: 3,
        _maxListeners: undefined,
        socket: [Object],
        connection: [Object],
        httpVersionMajor: 1,
        httpVersionMinor: 1,
        httpVersion: '1.1',
        complete: true,
        headers: [Object],
        rawHeaders: [Object],
        trailers: {},
        rawTrailers: [],
        upgrade: false,
        url: '',
        method: null,
        statusCode: 500,
        statusMessage: 'Internal Server Error',
        client: [Object],
        _consuming: true,
        _dumped: false,
        req: [Object],
        setEncoding: [Function],
        on: [Function],
        text: '您今天已经打过上班卡，无需再次打卡。',
        read: [Function],
        body: undefined },
     request: 
      Request {
        domain: null,
        _events: [Object],
        _eventsCount: 1,
        _maxListeners: undefined,
        _agent: false,
        _formData: null,
        method: 'GET',
        url: 'https://www.zhisiyun.com/wxapp/001/do_clockInOut?op=in&address_name=璞缇客&longitude=121.44903&latitude=31.21772&distance=63.47',
        _header: [Object],
        header: [Object],
        writable: true,
        _redirects: 0,
        _maxRedirects: 5,
        cookies: '',
        qs: {},
        qsRaw: [Object],
        _redirectList: [],
        _streamRequest: false,
        _data: [Object],
        req: [Object],
        protocol: 'https:',
        host: 'www.zhisiyun.com',
        _callback: [Function],
        res: [Object],
        response: [Circular],
        _timeout: 0,
        called: true },
     req: 
      ClientRequest {
        domain: null,
        _events: [Object],
        _eventsCount: 3,
        _maxListeners: undefined,
        output: [],
        outputEncodings: [],
        outputCallbacks: [],
        outputSize: 0,
        writable: true,
        _last: true,
        chunkedEncoding: false,
        shouldKeepAlive: false,
        useChunkedEncodingByDefault: false,
        sendDate: false,
        _removedHeader: [Object],
        _contentLength: 24,
        _hasBody: true,
        _trailer: '',
        finished: true,
        _headerSent: true,
        socket: [Object],
        connection: [Object],
        _header: 'GET /wxapp/001/do_clockInOut?op=in&address_name=璞缇客&longitude=121.44903&latitude=31.21772&distance=63.47 HTTP/1.1\r\nHost: www.zhisiyun.com\r\nAccept-Encoding: gzip, deflate\r\nUser-Agent: Mozilla/5.0 (Linux; Android 6.0; Nexus 5 Build/MRA58N) AppleWebKit/537.36\r\nContent-Type: application/json;charset=UTF-8\r\nCookie: connect.sid=s%3Ah-R47pFcyAamVxLwju4rMR_d.XHd6%2F6%2BzA8UFv%2F5hekrO2PJlo23H3xevuP42p%2FLymSk; i18next=zh\r\nContent-Length: 24\r\nConnection: close\r\n\r\n',
        _headers: [Object],
        _headerNames: [Object],
        _onPendingData: null,
        agent: [Object],
        socketPath: undefined,
        method: 'GET',
        path: '/wxapp/001/do_clockInOut?op=in&address_name=璞缇客&longitude=121.44903&latitude=31.21772&distance=63.47',
        parser: null,
        res: [Object] },
     links: {},
     text: '您今天已经打过上班卡，无需再次打卡。',
     body: {},
     files: {},
     buffered: true,
     headers: 
      { server: 'nginx/1.1.19',
        date: 'Tue, 26 Jul 2016 01:02:18 GMT',
        'content-type': 'text/html; charset=utf-8',
        'transfer-encoding': 'chunked',
        connection: 'close',
        'x-powered-by': 'Express',
        vary: 'Accept-Encoding',
        'set-cookie': [Object],
        'content-encoding': 'gzip' },
     header: 
      { server: 'nginx/1.1.19',
        date: 'Tue, 26 Jul 2016 01:02:18 GMT',
        'content-type': 'text/html; charset=utf-8',
        'transfer-encoding': 'chunked',
        connection: 'close',
        'x-powered-by': 'Express',
        vary: 'Accept-Encoding',
        'set-cookie': [Object],
        'content-encoding': 'gzip' },
     statusCode: 500,
     status: 500,
     statusType: 5,
     info: false,
     ok: false,
     redirect: false,
     clientError: false,
     serverError: true,
     error: 
      { [Error: cannot GET /wxapp/001/do_clockInOut?op=in&address_name=璞缇客&longitude=121.44903&latitude=31.21772&distance=63.47 (500)]
        status: 500,
        text: '您今天已经打过上班卡，无需再次打卡。',
        method: 'GET',
        path: '/wxapp/001/do_clockInOut?op=in&address_name=璞缇客&longitude=121.44903&latitude=31.21772&distance=63.47' },
     accepted: false,
     noContent: false,
     badRequest: false,
     unauthorized: false,
     notAcceptable: false,
     forbidden: false,
     notFound: false,
     charset: 'utf-8',
     type: 'text/html',
     setEncoding: [Function: bound ],
     redirects: [] },
  status: 500 }
[0mGET /checkin [36m304 [0m495.949 ms - -[0m
{ [Error: Internal Server Error]
  original: null,
  response: 
   Response {
     domain: null,
     _events: {},
     _eventsCount: 0,
     _maxListeners: undefined,
     res: 
      IncomingMessage {
        _readableState: [Object],
        readable: false,
        domain: null,
        _events: [Object],
        _eventsCount: 3,
        _maxListeners: undefined,
        socket: [Object],
        connection: [Object],
        httpVersionMajor: 1,
        httpVersionMinor: 1,
        httpVersion: '1.1',
        complete: true,
        headers: [Object],
        rawHeaders: [Object],
        trailers: {},
        rawTrailers: [],
        upgrade: false,
        url: '',
        method: null,
        statusCode: 500,
        statusMessage: 'Internal Server Error',
        client: [Object],
        _consuming: true,
        _dumped: false,
        req: [Object],
        setEncoding: [Function],
        on: [Function],
        text: '您今天已经打过上班卡，无需再次打卡。',
        read: [Function],
        body: undefined },
     request: 
      Request {
        domain: null,
        _events: [Object],
        _eventsCount: 1,
        _maxListeners: undefined,
        _agent: false,
        _formData: null,
        method: 'GET',
        url: 'https://www.zhisiyun.com/wxapp/001/do_clockInOut?op=in&address_name=璞缇客&longitude=121.44903&latitude=31.21772&distance=64.04',
        _header: [Object],
        header: [Object],
        writable: true,
        _redirects: 0,
        _maxRedirects: 5,
        cookies: '',
        qs: {},
        qsRaw: [Object],
        _redirectList: [],
        _streamRequest: false,
        _data: [Object],
        req: [Object],
        protocol: 'https:',
        host: 'www.zhisiyun.com',
        _callback: [Function],
        res: [Object],
        response: [Circular],
        _timeout: 0,
        called: true },
     req: 
      ClientRequest {
        domain: null,
        _events: [Object],
        _eventsCount: 3,
        _maxListeners: undefined,
        output: [],
        outputEncodings: [],
        outputCallbacks: [],
        outputSize: 0,
        writable: true,
        _last: true,
        chunkedEncoding: false,
        shouldKeepAlive: false,
        useChunkedEncodingByDefault: false,
        sendDate: false,
        _removedHeader: [Object],
        _contentLength: 24,
        _hasBody: true,
        _trailer: '',
        finished: true,
        _headerSent: true,
        socket: [Object],
        connection: [Object],
        _header: 'GET /wxapp/001/do_clockInOut?op=in&address_name=璞缇客&longitude=121.44903&latitude=31.21772&distance=64.04 HTTP/1.1\r\nHost: www.zhisiyun.com\r\nAccept-Encoding: gzip, deflate\r\nUser-Agent: Mozilla/5.0 (Linux; Android 6.0; Nexus 5 Build/MRA58N) AppleWebKit/537.36\r\nContent-Type: application/json;charset=UTF-8\r\nCookie: connect.sid=s%3Ah-R47pFcyAamVxLwju4rMR_d.XHd6%2F6%2BzA8UFv%2F5hekrO2PJlo23H3xevuP42p%2FLymSk; i18next=zh\r\nContent-Length: 24\r\nConnection: close\r\n\r\n',
        _headers: [Object],
        _headerNames: [Object],
        _onPendingData: null,
        agent: [Object],
        socketPath: undefined,
        method: 'GET',
        path: '/wxapp/001/do_clockInOut?op=in&address_name=璞缇客&longitude=121.44903&latitude=31.21772&distance=64.04',
        parser: null,
        res: [Object] },
     links: {},
     text: '您今天已经打过上班卡，无需再次打卡。',
     body: {},
     files: {},
     buffered: true,
     headers: 
      { server: 'nginx/1.1.19',
        date: 'Tue, 26 Jul 2016 01:05:17 GMT',
        'content-type': 'text/html; charset=utf-8',
        'transfer-encoding': 'chunked',
        connection: 'close',
        'x-powered-by': 'Express',
        vary: 'Accept-Encoding',
        'set-cookie': [Object],
        'content-encoding': 'gzip' },
     header: 
      { server: 'nginx/1.1.19',
        date: 'Tue, 26 Jul 2016 01:05:17 GMT',
        'content-type': 'text/html; charset=utf-8',
        'transfer-encoding': 'chunked',
        connection: 'close',
        'x-powered-by': 'Express',
        vary: 'Accept-Encoding',
        'set-cookie': [Object],
        'content-encoding': 'gzip' },
     statusCode: 500,
     status: 500,
     statusType: 5,
     info: false,
     ok: false,
     redirect: false,
     clientError: false,
     serverError: true,
     error: 
      { [Error: cannot GET /wxapp/001/do_clockInOut?op=in&address_name=璞缇客&longitude=121.44903&latitude=31.21772&distance=64.04 (500)]
        status: 500,
        text: '您今天已经打过上班卡，无需再次打卡。',
        method: 'GET',
        path: '/wxapp/001/do_clockInOut?op=in&address_name=璞缇客&longitude=121.44903&latitude=31.21772&distance=64.04' },
     accepted: false,
     noContent: false,
     badRequest: false,
     unauthorized: false,
     notAcceptable: false,
     forbidden: false,
     notFound: false,
     charset: 'utf-8',
     type: 'text/html',
     setEncoding: [Function: bound ],
     redirects: [] },
  status: 500 }
[0mGET /checkin?v=2 [32m200 [0m629.463 ms - 112[0m
{ [Error: Internal Server Error]
  original: null,
  response: 
   Response {
     domain: null,
     _events: {},
     _eventsCount: 0,
     _maxListeners: undefined,
     res: 
      IncomingMessage {
        _readableState: [Object],
        readable: false,
        domain: null,
        _events: [Object],
        _eventsCount: 3,
        _maxListeners: undefined,
        socket: [Object],
        connection: [Object],
        httpVersionMajor: 1,
        httpVersionMinor: 1,
        httpVersion: '1.1',
        complete: true,
        headers: [Object],
        rawHeaders: [Object],
        trailers: {},
        rawTrailers: [],
        upgrade: false,
        url: '',
        method: null,
        statusCode: 500,
        statusMessage: 'Internal Server Error',
        client: [Object],
        _consuming: true,
        _dumped: false,
        req: [Object],
        setEncoding: [Function],
        on: [Function],
        text: '您今天已经打过上班卡，无需再次打卡。',
        read: [Function],
        body: undefined },
     request: 
      Request {
        domain: null,
        _events: [Object],
        _eventsCount: 1,
        _maxListeners: undefined,
        _agent: false,
        _formData: null,
        method: 'GET',
        url: 'https://www.zhisiyun.com/wxapp/001/do_clockInOut?op=in&address_name=璞缇客&longitude=121.44903&latitude=31.21772&distance=86.64',
        _header: [Object],
        header: [Object],
        writable: true,
        _redirects: 0,
        _maxRedirects: 5,
        cookies: '',
        qs: {},
        qsRaw: [Object],
        _redirectList: [],
        _streamRequest: false,
        _data: [Object],
        req: [Object],
        protocol: 'https:',
        host: 'www.zhisiyun.com',
        _callback: [Function],
        res: [Object],
        response: [Circular],
        _timeout: 0,
        called: true },
     req: 
      ClientRequest {
        domain: null,
        _events: [Object],
        _eventsCount: 3,
        _maxListeners: undefined,
        output: [],
        outputEncodings: [],
        outputCallbacks: [],
        outputSize: 0,
        writable: true,
        _last: true,
        chunkedEncoding: false,
        shouldKeepAlive: false,
        useChunkedEncodingByDefault: false,
        sendDate: false,
        _removedHeader: [Object],
        _contentLength: 24,
        _hasBody: true,
        _trailer: '',
        finished: true,
        _headerSent: true,
        socket: [Object],
        connection: [Object],
        _header: 'GET /wxapp/001/do_clockInOut?op=in&address_name=璞缇客&longitude=121.44903&latitude=31.21772&distance=86.64 HTTP/1.1\r\nHost: www.zhisiyun.com\r\nAccept-Encoding: gzip, deflate\r\nUser-Agent: Mozilla/5.0 (Linux; Android 6.0; Nexus 5 Build/MRA58N) AppleWebKit/537.36\r\nContent-Type: application/json;charset=UTF-8\r\nCookie: connect.sid=s%3Ah-R47pFcyAamVxLwju4rMR_d.XHd6%2F6%2BzA8UFv%2F5hekrO2PJlo23H3xevuP42p%2FLymSk; i18next=zh\r\nContent-Length: 24\r\nConnection: close\r\n\r\n',
        _headers: [Object],
        _headerNames: [Object],
        _onPendingData: null,
        agent: [Object],
        socketPath: undefined,
        method: 'GET',
        path: '/wxapp/001/do_clockInOut?op=in&address_name=璞缇客&longitude=121.44903&latitude=31.21772&distance=86.64',
        parser: null,
        res: [Object] },
     links: {},
     text: '您今天已经打过上班卡，无需再次打卡。',
     body: {},
     files: {},
     buffered: true,
     headers: 
      { server: 'nginx/1.1.19',
        date: 'Tue, 26 Jul 2016 01:05:23 GMT',
        'content-type': 'text/html; charset=utf-8',
        'transfer-encoding': 'chunked',
        connection: 'close',
        'x-powered-by': 'Express',
        vary: 'Accept-Encoding',
        'set-cookie': [Object],
        'content-encoding': 'gzip' },
     header: 
      { server: 'nginx/1.1.19',
        date: 'Tue, 26 Jul 2016 01:05:23 GMT',
        'content-type': 'text/html; charset=utf-8',
        'transfer-encoding': 'chunked',
        connection: 'close',
        'x-powered-by': 'Express',
        vary: 'Accept-Encoding',
        'set-cookie': [Object],
        'content-encoding': 'gzip' },
     statusCode: 500,
     status: 500,
     statusType: 5,
     info: false,
     ok: false,
     redirect: false,
     clientError: false,
     serverError: true,
     error: 
      { [Error: cannot GET /wxapp/001/do_clockInOut?op=in&address_name=璞缇客&longitude=121.44903&latitude=31.21772&distance=86.64 (500)]
        status: 500,
        text: '您今天已经打过上班卡，无需再次打卡。',
        method: 'GET',
        path: '/wxapp/001/do_clockInOut?op=in&address_name=璞缇客&longitude=121.44903&latitude=31.21772&distance=86.64' },
     accepted: false,
     noContent: false,
     badRequest: false,
     unauthorized: false,
     notAcceptable: false,
     forbidden: false,
     notFound: false,
     charset: 'utf-8',
     type: 'text/html',
     setEncoding: [Function: bound ],
     redirects: [] },
  status: 500 }
